int i = 53;
float f = 4700113.141593;
T.setf(ios::unitbuf);
T.setf(ios::showbase);
T.setf(ios::uppercase);
T.setf(ios::showpos);
T << i << endl;
+53
T.setf(ios::hex, ios::basefield);
T << i << endl;
0X35
T.unsetf(ios::uppercase);
T.setf(ios::oct, ios::basefield);
T << i << endl;
065
T.unsetf(ios::showbase);
T.setf(ios::dec, ios::basefield);
T.setf(ios::left, ios::adjustfield);
T.fill('0');
T << "fill char:" << T.fill() << endl;
fill char:0
T.width(8);
+5300000
T.setf(ios::right, ios::adjustfield);
T.width(8);
00000+53
T.setf(ios::internal, ios::adjustfield);
T.width(8)
+0000053
T << i << endl;
+53
T.unsetf(ios::showpos);
T.setf(ios::showpoint);
T << "prec=" << T.precision() << endl;
prec=6
T.setf(ios::scientific, ios::floatfield);
T << endl << f << endl;

4.700113e+06
T.setf(ios::fixed, ios::floatfield);
T << f << endl;
4700113.000000
T.setf(0, ios::floatfield);
T << f << endl;
4.70011e+06
T.precision(16);
T << "prec = " << T.precision() << endl;
prec = 16
T << endl << f << endl;

4700113.000000000
T.setf(ios::scientific, ios::floatfield);
T << endl << f << endl;

4.7001130000000000e+06
T.setf(ios::fixed, ios::floatfield);
T << f << endl;
4700113.0000000000000000
T.setf(0, ios::floatfield);
T << f << endl;
4700113.000000000
T.width(8);
Is there any more?
T.width(36);
T.setf(ios::left, ios::adjustfield);
Is there any more?
T.width(36);
Is there any more?000000000000000000
T.unsetf(ios::showpoint);
T.unsetf(ios::unitbuf);
